0 info it worked if it ends with ok
1 verbose cli [ 'C:\\Program Files\\nodejs\\node.exe',
1 verbose cli   'C:\\Users\\Administrator\\AppData\\Roaming\\npm\\node_modules\\cnpm\\node_modules\\npm\\bin\\npm-cli.js',
1 verbose cli   '--userconfig=C:\\Users\\Administrator\\.cnpmrc',
1 verbose cli   '--disturl=https://npm.taobao.org/mirrors/node',
1 verbose cli   '--registry=https://registry.npm.taobao.org',
1 verbose cli   'start' ]
2 info using npm@3.10.10
3 info using node@v6.10.2
4 verbose run-script [ 'prestart', 'start', 'poststart' ]
5 info lifecycle wepack@1.0.0~prestart: wepack@1.0.0
6 silly lifecycle wepack@1.0.0~prestart: no script for prestart, continuing
7 info lifecycle wepack@1.0.0~start: wepack@1.0.0
8 verbose lifecycle wepack@1.0.0~start: unsafe-perm in lifecycle true
9 verbose lifecycle wepack@1.0.0~start: PATH: C:\Users\Administrator\AppData\Roaming\npm\node_modules\cnpm\node_modules\npm\bin\node-gyp-bin;C:\Users\Administrator\Desktop\wepack\node_modules\.bin;C:\ProgramData\IMP2POcx\;C:\Program Files (x86)\360\360zip;C:\Users\Administrator\AppData\Local\Google\Chrome\Application;C:\windows\system32;C:\windows;C:\windows\System32\Wbem;C:\windows\System32\WindowsPowerShell\v1.0\;C:\Program Files\nodejs\;C:\Program Files\Git\cmd;C:\Program Files (x86)\Skype\Phone\;C:\Users\Administrator\AppData\Roaming\npm
10 verbose lifecycle wepack@1.0.0~start: CWD: C:\Users\Administrator\Desktop\wepack
11 silly lifecycle wepack@1.0.0~start: Args: [ '/d /s /c', 'webpack-dev-server --open' ]
12 silly lifecycle wepack@1.0.0~start: Returned: code: 3221225786  signal: null
13 info lifecycle wepack@1.0.0~start: Failed to exec start script
14 verbose stack Error: wepack@1.0.0 start: `webpack-dev-server --open`
14 verbose stack Exit status 3221225786
14 verbose stack     at EventEmitter.<anonymous> (C:\Users\Administrator\AppData\Roaming\npm\node_modules\cnpm\node_modules\npm\lib\utils\lifecycle.js:255:16)
14 verbose stack     at emitTwo (events.js:106:13)
14 verbose stack     at EventEmitter.emit (events.js:191:7)
14 verbose stack     at ChildProcess.<anonymous> (C:\Users\Administrator\AppData\Roaming\npm\node_modules\cnpm\node_modules\npm\lib\utils\spawn.js:40:14)
14 verbose stack     at emitTwo (events.js:106:13)
14 verbose stack     at ChildProcess.emit (events.js:191:7)
14 verbose stack     at maybeClose (internal/child_process.js:886:16)
14 verbose stack     at Process.ChildProcess._handle.onexit (internal/child_process.js:226:5)
15 verbose pkgid wepack@1.0.0
16 verbose cwd C:\Users\Administrator\Desktop\wepack
17 error Windows_NT 6.1.7601
18 error argv "C:\\Program Files\\nodejs\\node.exe" "C:\\Users\\Administrator\\AppData\\Roaming\\npm\\node_modules\\cnpm\\node_modules\\npm\\bin\\npm-cli.js" "--userconfig=C:\\Users\\Administrator\\.cnpmrc" "--disturl=https://npm.taobao.org/mirrors/node" "--registry=https://registry.npm.taobao.org" "start"
19 error node v6.10.2
20 error npm  v3.10.10
21 error code ELIFECYCLE
22 error wepack@1.0.0 start: `webpack-dev-server --open`
22 error Exit status 3221225786
23 error Failed at the wepack@1.0.0 start script 'webpack-dev-server --open'.
23 error Make sure you have the latest version of node.js and npm installed.
23 error If you do, this is most likely a problem with the wepack package,
23 error not with npm itself.
23 error Tell the author that this fails on your system:
23 error     webpack-dev-server --open
23 error You can get information on how to open an issue for this project with:
23 error     npm bugs wepack
23 error Or if that isn't available, you can get their info via:
23 error     npm owner ls wepack
23 error There is likely additional logging output above.
24 verbose exit [ 1, true ]
